<?xml version="1.0" encoding="UTF-8"?>
<testng-results ignored="0" total="1" passed="1" failed="0" skipped="0">
  <reporter-output>
  </reporter-output>
  <suite started-at="2023-10-04T15:22:55 BST" name="Default suite" finished-at="2023-10-04T15:23:02 BST" duration-ms="6934">
    <groups>
    </groups>
    <test started-at="2023-10-04T15:22:55 BST" name="Default test" finished-at="2023-10-04T15:23:02 BST" duration-ms="6934">
      <class name="login.TC_Fossil">
        <test-method signature="Fossil()[pri:0, instance:login.TC_Fossil@8317c52]" started-at="2023-10-04T15:22:55 BST" name="Fossil" finished-at="2023-10-04T15:23:02 BST" duration-ms="6902" status="PASS">
          <reporter-output>
          </reporter-output>
        </test-method> <!-- Fossil -->
      </class> <!-- login.TC_Fossil -->
    </test> <!-- Default test -->
  </suite> <!-- Default suite -->
</testng-results>
